<?xml version="1.0" encoding="UTF-8" ?>
<testsuite errors="0" failures="0" hostname="ETSNY-L152.local" name="com.etsy.solr.FastTermFilterIntegrationTest" tests="2" time="1.095" timestamp="2011-05-25T16:09:44">
  <properties>
[...]
</properties>
  <testcase classname="com.etsy.solr.FastTermFilterIntegrationTest" name="findAllTest" time="0.142" />
  <testcase classname="com.etsy.solr.FastTermFilterIntegrationTest" name="fastTermFilterUsingContextKeyTest" time="0.032" />
  <system-out><![CDATA[]]></system-out>
  <system-err><![CDATA[log4j:WARN No appenders could be found for logger (org.apache.solr.SolrTestCaseJ4).
log4j:WARN Please initialize the log4j system properly.
]]></system-err>
</testsuite>
